2025-03-15 16:01:31.893 | INFO     | __main__:_load_cache:77 - No cache file found, will create new cache
2025-03-15 16:01:31.893 | INFO     | __main__:check_for_changes:154 - Checking playlist 4Go6LTKodDqQYkqOGC8ZiH for changes...
2025-03-15 16:01:35.651 | INFO     | __main__:check_for_changes:160 - Initial load of playlist 'Namnge playlist' with 100 tracks
2025-03-15 16:01:35.653 | DEBUG    | __main__:_save_cache:84 - Saved playlist data to cache/playlist_4Go6LTKodDqQYkqOGC8ZiH.json
2025-03-15 16:01:35.653 | INFO     | __main__:main:181 - Playlist monitor started, checking for changes every 5 minutes
2025-03-15 16:04:37.329 | DEBUG    | __main__:_load_cache:70 - Loading cached playlist data from cache/playlist_4Go6LTKodDqQYkqOGC8ZiH.json
2025-03-15 16:04:37.329 | INFO     | __main__:check_for_changes:154 - Checking playlist 4Go6LTKodDqQYkqOGC8ZiH for changes...
2025-03-15 16:04:37.858 | INFO     | __main__:_compare_playlists:117 - No changes detected in playlist
2025-03-15 16:04:37.861 | DEBUG    | __main__:_save_cache:84 - Saved playlist data to cache/playlist_4Go6LTKodDqQYkqOGC8ZiH.json
2025-03-15 16:04:37.862 | INFO     | __main__:main:182 - Playlist monitor started, checking for changes every 5 seconds
2025-03-15 16:04:42.877 | INFO     | __main__:check_for_changes:154 - Checking playlist 4Go6LTKodDqQYkqOGC8ZiH for changes...
2025-03-15 16:04:43.424 | INFO     | __main__:_compare_playlists:117 - No changes detected in playlist
2025-03-15 16:04:43.425 | DEBUG    | __main__:_save_cache:84 - Saved playlist data to cache/playlist_4Go6LTKodDqQYkqOGC8ZiH.json
2025-03-15 16:04:48.449 | INFO     | __main__:check_for_changes:154 - Checking playlist 4Go6LTKodDqQYkqOGC8ZiH for changes...
2025-03-15 16:04:48.944 | INFO     | __main__:_compare_playlists:117 - No changes detected in playlist
2025-03-15 16:04:48.946 | DEBUG    | __main__:_save_cache:84 - Saved playlist data to cache/playlist_4Go6LTKodDqQYkqOGC8ZiH.json
2025-03-15 16:04:53.968 | INFO     | __main__:check_for_changes:154 - Checking playlist 4Go6LTKodDqQYkqOGC8ZiH for changes...
2025-03-15 16:04:54.497 | INFO     | __main__:_compare_playlists:117 - No changes detected in playlist
2025-03-15 16:04:54.498 | DEBUG    | __main__:_save_cache:84 - Saved playlist data to cache/playlist_4Go6LTKodDqQYkqOGC8ZiH.json
2025-03-15 16:04:59.517 | INFO     | __main__:check_for_changes:154 - Checking playlist 4Go6LTKodDqQYkqOGC8ZiH for changes...
2025-03-15 16:05:00.110 | INFO     | __main__:_compare_playlists:117 - No changes detected in playlist
2025-03-15 16:05:00.112 | DEBUG    | __main__:_save_cache:84 - Saved playlist data to cache/playlist_4Go6LTKodDqQYkqOGC8ZiH.json
2025-03-15 16:05:05.134 | INFO     | __main__:check_for_changes:154 - Checking playlist 4Go6LTKodDqQYkqOGC8ZiH for changes...
2025-03-15 16:05:05.774 | INFO     | __main__:_compare_playlists:117 - No changes detected in playlist
2025-03-15 16:05:05.775 | DEBUG    | __main__:_save_cache:84 - Saved playlist data to cache/playlist_4Go6LTKodDqQYkqOGC8ZiH.json
2025-03-15 16:05:10.794 | INFO     | __main__:check_for_changes:154 - Checking playlist 4Go6LTKodDqQYkqOGC8ZiH for changes...
2025-03-15 16:05:11.318 | INFO     | __main__:_compare_playlists:117 - No changes detected in playlist
2025-03-15 16:05:11.320 | DEBUG    | __main__:_save_cache:84 - Saved playlist data to cache/playlist_4Go6LTKodDqQYkqOGC8ZiH.json
2025-03-15 16:05:16.338 | INFO     | __main__:check_for_changes:154 - Checking playlist 4Go6LTKodDqQYkqOGC8ZiH for changes...
2025-03-15 16:05:16.914 | INFO     | __main__:_compare_playlists:117 - No changes detected in playlist
2025-03-15 16:05:16.920 | DEBUG    | __main__:_save_cache:84 - Saved playlist data to cache/playlist_4Go6LTKodDqQYkqOGC8ZiH.json
2025-03-15 16:05:21.937 | INFO     | __main__:check_for_changes:154 - Checking playlist 4Go6LTKodDqQYkqOGC8ZiH for changes...
2025-03-15 16:05:22.477 | INFO     | __main__:_compare_playlists:117 - No changes detected in playlist
2025-03-15 16:05:22.479 | DEBUG    | __main__:_save_cache:84 - Saved playlist data to cache/playlist_4Go6LTKodDqQYkqOGC8ZiH.json
2025-03-15 16:05:27.501 | INFO     | __main__:check_for_changes:154 - Checking playlist 4Go6LTKodDqQYkqOGC8ZiH for changes...
2025-03-15 16:05:28.074 | INFO     | __main__:_compare_playlists:117 - No changes detected in playlist
2025-03-15 16:05:28.075 | DEBUG    | __main__:_save_cache:84 - Saved playlist data to cache/playlist_4Go6LTKodDqQYkqOGC8ZiH.json
2025-03-15 16:05:33.093 | INFO     | __main__:check_for_changes:154 - Checking playlist 4Go6LTKodDqQYkqOGC8ZiH for changes...
2025-03-15 16:05:33.598 | INFO     | __main__:_compare_playlists:117 - No changes detected in playlist
2025-03-15 16:05:33.600 | DEBUG    | __main__:_save_cache:84 - Saved playlist data to cache/playlist_4Go6LTKodDqQYkqOGC8ZiH.json
2025-03-15 16:05:38.615 | INFO     | __main__:check_for_changes:154 - Checking playlist 4Go6LTKodDqQYkqOGC8ZiH for changes...
2025-03-15 16:05:39.093 | INFO     | __main__:_compare_playlists:117 - No changes detected in playlist
2025-03-15 16:05:39.095 | DEBUG    | __main__:_save_cache:84 - Saved playlist data to cache/playlist_4Go6LTKodDqQYkqOGC8ZiH.json
2025-03-15 16:05:44.119 | INFO     | __main__:check_for_changes:154 - Checking playlist 4Go6LTKodDqQYkqOGC8ZiH for changes...
2025-03-15 16:05:45.058 | INFO     | __main__:_compare_playlists:117 - No changes detected in playlist
2025-03-15 16:05:45.059 | DEBUG    | __main__:_save_cache:84 - Saved playlist data to cache/playlist_4Go6LTKodDqQYkqOGC8ZiH.json
2025-03-15 16:05:50.083 | INFO     | __main__:check_for_changes:154 - Checking playlist 4Go6LTKodDqQYkqOGC8ZiH for changes...
2025-03-15 16:05:50.668 | INFO     | __main__:_compare_playlists:117 - No changes detected in playlist
2025-03-15 16:05:50.669 | DEBUG    | __main__:_save_cache:84 - Saved playlist data to cache/playlist_4Go6LTKodDqQYkqOGC8ZiH.json
2025-03-15 16:05:55.686 | INFO     | __main__:check_for_changes:154 - Checking playlist 4Go6LTKodDqQYkqOGC8ZiH for changes...
2025-03-15 16:05:56.223 | INFO     | __main__:_compare_playlists:117 - No changes detected in playlist
2025-03-15 16:05:56.225 | DEBUG    | __main__:_save_cache:84 - Saved playlist data to cache/playlist_4Go6LTKodDqQYkqOGC8ZiH.json
2025-03-15 16:06:01.238 | INFO     | __main__:check_for_changes:154 - Checking playlist 4Go6LTKodDqQYkqOGC8ZiH for changes...
2025-03-15 16:06:01.759 | INFO     | __main__:_compare_playlists:117 - No changes detected in playlist
2025-03-15 16:06:01.761 | DEBUG    | __main__:_save_cache:84 - Saved playlist data to cache/playlist_4Go6LTKodDqQYkqOGC8ZiH.json
2025-03-15 16:06:06.771 | INFO     | __main__:check_for_changes:154 - Checking playlist 4Go6LTKodDqQYkqOGC8ZiH for changes...
2025-03-15 16:06:07.302 | INFO     | __main__:_compare_playlists:117 - No changes detected in playlist
2025-03-15 16:06:07.304 | DEBUG    | __main__:_save_cache:84 - Saved playlist data to cache/playlist_4Go6LTKodDqQYkqOGC8ZiH.json
2025-03-15 16:06:12.326 | INFO     | __main__:check_for_changes:154 - Checking playlist 4Go6LTKodDqQYkqOGC8ZiH for changes...
2025-03-15 16:06:12.854 | INFO     | __main__:_compare_playlists:117 - No changes detected in playlist
2025-03-15 16:06:12.856 | DEBUG    | __main__:_save_cache:84 - Saved playlist data to cache/playlist_4Go6LTKodDqQYkqOGC8ZiH.json
2025-03-15 16:06:17.876 | INFO     | __main__:check_for_changes:154 - Checking playlist 4Go6LTKodDqQYkqOGC8ZiH for changes...
2025-03-15 16:06:18.448 | INFO     | __main__:_compare_playlists:117 - No changes detected in playlist
2025-03-15 16:06:18.450 | DEBUG    | __main__:_save_cache:84 - Saved playlist data to cache/playlist_4Go6LTKodDqQYkqOGC8ZiH.json
2025-03-15 16:06:23.470 | INFO     | __main__:check_for_changes:154 - Checking playlist 4Go6LTKodDqQYkqOGC8ZiH for changes...
2025-03-15 16:06:24.086 | INFO     | __main__:_compare_playlists:117 - No changes detected in playlist
2025-03-15 16:06:24.088 | DEBUG    | __main__:_save_cache:84 - Saved playlist data to cache/playlist_4Go6LTKodDqQYkqOGC8ZiH.json
2025-03-15 16:06:29.110 | INFO     | __main__:check_for_changes:154 - Checking playlist 4Go6LTKodDqQYkqOGC8ZiH for changes...
2025-03-15 16:06:29.605 | INFO     | __main__:_compare_playlists:117 - No changes detected in playlist
2025-03-15 16:06:29.606 | DEBUG    | __main__:_save_cache:84 - Saved playlist data to cache/playlist_4Go6LTKodDqQYkqOGC8ZiH.json
2025-03-15 16:06:34.626 | INFO     | __main__:check_for_changes:154 - Checking playlist 4Go6LTKodDqQYkqOGC8ZiH for changes...
2025-03-15 16:06:35.205 | INFO     | __main__:_compare_playlists:117 - No changes detected in playlist
2025-03-15 16:06:35.207 | DEBUG    | __main__:_save_cache:84 - Saved playlist data to cache/playlist_4Go6LTKodDqQYkqOGC8ZiH.json
2025-03-15 16:06:40.224 | INFO     | __main__:check_for_changes:154 - Checking playlist 4Go6LTKodDqQYkqOGC8ZiH for changes...
2025-03-15 16:06:40.879 | INFO     | __main__:_compare_playlists:120 - Detected changes in playlist 'Namnge playlist' (ID: 4Go6LTKodDqQYkqOGC8ZiH)
2025-03-15 16:06:40.879 | INFO     | __main__:_compare_playlists:147 - Summary: 0 track(s) added, 0 track(s) removed
2025-03-15 16:06:40.880 | DEBUG    | __main__:_save_cache:84 - Saved playlist data to cache/playlist_4Go6LTKodDqQYkqOGC8ZiH.json
2025-03-15 16:06:45.903 | INFO     | __main__:check_for_changes:154 - Checking playlist 4Go6LTKodDqQYkqOGC8ZiH for changes...
2025-03-15 16:06:46.504 | INFO     | __main__:_compare_playlists:117 - No changes detected in playlist
2025-03-15 16:06:46.505 | DEBUG    | __main__:_save_cache:84 - Saved playlist data to cache/playlist_4Go6LTKodDqQYkqOGC8ZiH.json
2025-03-15 16:06:51.525 | INFO     | __main__:check_for_changes:154 - Checking playlist 4Go6LTKodDqQYkqOGC8ZiH for changes...
2025-03-15 16:06:52.103 | INFO     | __main__:_compare_playlists:117 - No changes detected in playlist
2025-03-15 16:06:52.105 | DEBUG    | __main__:_save_cache:84 - Saved playlist data to cache/playlist_4Go6LTKodDqQYkqOGC8ZiH.json
2025-03-15 16:06:57.118 | INFO     | __main__:check_for_changes:154 - Checking playlist 4Go6LTKodDqQYkqOGC8ZiH for changes...
2025-03-15 16:06:57.552 | INFO     | __main__:_compare_playlists:117 - No changes detected in playlist
2025-03-15 16:06:57.554 | DEBUG    | __main__:_save_cache:84 - Saved playlist data to cache/playlist_4Go6LTKodDqQYkqOGC8ZiH.json
2025-03-15 16:07:02.572 | INFO     | __main__:check_for_changes:154 - Checking playlist 4Go6LTKodDqQYkqOGC8ZiH for changes...
2025-03-15 16:07:03.099 | INFO     | __main__:_compare_playlists:117 - No changes detected in playlist
2025-03-15 16:07:03.100 | DEBUG    | __main__:_save_cache:84 - Saved playlist data to cache/playlist_4Go6LTKodDqQYkqOGC8ZiH.json
2025-03-15 16:07:08.123 | INFO     | __main__:check_for_changes:154 - Checking playlist 4Go6LTKodDqQYkqOGC8ZiH for changes...
2025-03-15 16:07:08.626 | INFO     | __main__:_compare_playlists:117 - No changes detected in playlist
2025-03-15 16:07:08.627 | DEBUG    | __main__:_save_cache:84 - Saved playlist data to cache/playlist_4Go6LTKodDqQYkqOGC8ZiH.json
2025-03-15 16:07:13.642 | INFO     | __main__:check_for_changes:154 - Checking playlist 4Go6LTKodDqQYkqOGC8ZiH for changes...
2025-03-15 16:09:33.515 | DEBUG    | __main__:_load_cache:70 - Loading cached playlist data from cache/playlist_4Go6LTKodDqQYkqOGC8ZiH.json
2025-03-15 16:09:33.516 | INFO     | __main__:check_for_changes:154 - Checking playlist 4Go6LTKodDqQYkqOGC8ZiH for changes...
2025-03-15 16:09:34.085 | INFO     | __main__:_compare_playlists:117 - No changes detected in playlist
2025-03-15 16:09:34.087 | DEBUG    | __main__:_save_cache:84 - Saved playlist data to cache/playlist_4Go6LTKodDqQYkqOGC8ZiH.json
2025-03-15 16:09:34.088 | INFO     | __main__:main:182 - Playlist monitor started, checking for changes every 5 seconds
2025-03-15 16:09:39.101 | INFO     | __main__:check_for_changes:154 - Checking playlist 4Go6LTKodDqQYkqOGC8ZiH for changes...
2025-03-15 16:09:39.632 | INFO     | __main__:_compare_playlists:117 - No changes detected in playlist
2025-03-15 16:09:39.634 | DEBUG    | __main__:_save_cache:84 - Saved playlist data to cache/playlist_4Go6LTKodDqQYkqOGC8ZiH.json
2025-03-15 16:09:44.655 | INFO     | __main__:check_for_changes:154 - Checking playlist 4Go6LTKodDqQYkqOGC8ZiH for changes...
2025-03-15 16:09:45.196 | INFO     | __main__:_compare_playlists:117 - No changes detected in playlist
2025-03-15 16:09:45.199 | DEBUG    | __main__:_save_cache:84 - Saved playlist data to cache/playlist_4Go6LTKodDqQYkqOGC8ZiH.json
2025-03-15 16:09:50.223 | INFO     | __main__:check_for_changes:154 - Checking playlist 4Go6LTKodDqQYkqOGC8ZiH for changes...
2025-03-15 16:09:50.723 | INFO     | __main__:_compare_playlists:117 - No changes detected in playlist
2025-03-15 16:09:50.725 | DEBUG    | __main__:_save_cache:84 - Saved playlist data to cache/playlist_4Go6LTKodDqQYkqOGC8ZiH.json
2025-03-15 16:09:55.751 | INFO     | __main__:check_for_changes:154 - Checking playlist 4Go6LTKodDqQYkqOGC8ZiH for changes...
2025-03-15 16:09:56.360 | INFO     | __main__:_compare_playlists:117 - No changes detected in playlist
2025-03-15 16:09:56.362 | DEBUG    | __main__:_save_cache:84 - Saved playlist data to cache/playlist_4Go6LTKodDqQYkqOGC8ZiH.json
2025-03-15 16:10:01.380 | INFO     | __main__:check_for_changes:154 - Checking playlist 4Go6LTKodDqQYkqOGC8ZiH for changes...
2025-03-15 16:10:02.029 | INFO     | __main__:_compare_playlists:117 - No changes detected in playlist
2025-03-15 16:10:02.031 | DEBUG    | __main__:_save_cache:84 - Saved playlist data to cache/playlist_4Go6LTKodDqQYkqOGC8ZiH.json
2025-03-15 16:10:07.051 | INFO     | __main__:check_for_changes:154 - Checking playlist 4Go6LTKodDqQYkqOGC8ZiH for changes...
2025-03-15 16:10:07.918 | INFO     | __main__:_compare_playlists:117 - No changes detected in playlist
2025-03-15 16:10:07.919 | DEBUG    | __main__:_save_cache:84 - Saved playlist data to cache/playlist_4Go6LTKodDqQYkqOGC8ZiH.json
2025-03-15 16:10:12.938 | INFO     | __main__:check_for_changes:154 - Checking playlist 4Go6LTKodDqQYkqOGC8ZiH for changes...
2025-03-15 16:10:13.462 | INFO     | __main__:_compare_playlists:117 - No changes detected in playlist
2025-03-15 16:10:13.464 | DEBUG    | __main__:_save_cache:84 - Saved playlist data to cache/playlist_4Go6LTKodDqQYkqOGC8ZiH.json
2025-03-15 16:10:18.486 | INFO     | __main__:check_for_changes:154 - Checking playlist 4Go6LTKodDqQYkqOGC8ZiH for changes...
2025-03-15 16:10:18.938 | INFO     | __main__:_compare_playlists:117 - No changes detected in playlist
2025-03-15 16:10:18.940 | DEBUG    | __main__:_save_cache:84 - Saved playlist data to cache/playlist_4Go6LTKodDqQYkqOGC8ZiH.json
2025-03-15 16:10:23.965 | INFO     | __main__:check_for_changes:154 - Checking playlist 4Go6LTKodDqQYkqOGC8ZiH for changes...
2025-03-15 16:10:24.503 | INFO     | __main__:_compare_playlists:117 - No changes detected in playlist
2025-03-15 16:10:24.504 | DEBUG    | __main__:_save_cache:84 - Saved playlist data to cache/playlist_4Go6LTKodDqQYkqOGC8ZiH.json
2025-03-15 16:10:29.528 | INFO     | __main__:check_for_changes:154 - Checking playlist 4Go6LTKodDqQYkqOGC8ZiH for changes...
2025-03-15 16:10:30.053 | INFO     | __main__:_compare_playlists:117 - No changes detected in playlist
2025-03-15 16:10:30.054 | DEBUG    | __main__:_save_cache:84 - Saved playlist data to cache/playlist_4Go6LTKodDqQYkqOGC8ZiH.json
2025-03-15 16:10:35.075 | INFO     | __main__:check_for_changes:154 - Checking playlist 4Go6LTKodDqQYkqOGC8ZiH for changes...
2025-03-15 16:10:35.562 | INFO     | __main__:_compare_playlists:120 - Detected changes in playlist 'Namnge playlist' (ID: 4Go6LTKodDqQYkqOGC8ZiH)
2025-03-15 16:10:35.562 | INFO     | __main__:_compare_playlists:147 - Summary: 0 track(s) added, 0 track(s) removed
2025-03-15 16:10:35.563 | DEBUG    | __main__:_save_cache:84 - Saved playlist data to cache/playlist_4Go6LTKodDqQYkqOGC8ZiH.json
2025-03-15 16:10:40.580 | INFO     | __main__:check_for_changes:154 - Checking playlist 4Go6LTKodDqQYkqOGC8ZiH for changes...
2025-03-15 16:10:41.072 | INFO     | __main__:_compare_playlists:117 - No changes detected in playlist
2025-03-15 16:10:41.073 | DEBUG    | __main__:_save_cache:84 - Saved playlist data to cache/playlist_4Go6LTKodDqQYkqOGC8ZiH.json
2025-03-15 16:10:46.093 | INFO     | __main__:check_for_changes:154 - Checking playlist 4Go6LTKodDqQYkqOGC8ZiH for changes...
2025-03-15 16:10:46.735 | INFO     | __main__:_compare_playlists:117 - No changes detected in playlist
2025-03-15 16:10:46.737 | DEBUG    | __main__:_save_cache:84 - Saved playlist data to cache/playlist_4Go6LTKodDqQYkqOGC8ZiH.json
2025-03-15 16:10:51.756 | INFO     | __main__:check_for_changes:154 - Checking playlist 4Go6LTKodDqQYkqOGC8ZiH for changes...
2025-03-15 16:10:52.276 | INFO     | __main__:_compare_playlists:117 - No changes detected in playlist
2025-03-15 16:10:52.278 | DEBUG    | __main__:_save_cache:84 - Saved playlist data to cache/playlist_4Go6LTKodDqQYkqOGC8ZiH.json
2025-03-15 16:10:57.294 | INFO     | __main__:check_for_changes:154 - Checking playlist 4Go6LTKodDqQYkqOGC8ZiH for changes...
2025-03-15 16:10:57.892 | INFO     | __main__:_compare_playlists:117 - No changes detected in playlist
2025-03-15 16:10:57.893 | DEBUG    | __main__:_save_cache:84 - Saved playlist data to cache/playlist_4Go6LTKodDqQYkqOGC8ZiH.json
2025-03-15 16:11:02.916 | INFO     | __main__:check_for_changes:154 - Checking playlist 4Go6LTKodDqQYkqOGC8ZiH for changes...
2025-03-15 16:11:03.423 | INFO     | __main__:_compare_playlists:117 - No changes detected in playlist
2025-03-15 16:11:03.425 | DEBUG    | __main__:_save_cache:84 - Saved playlist data to cache/playlist_4Go6LTKodDqQYkqOGC8ZiH.json
2025-03-15 16:11:08.449 | INFO     | __main__:check_for_changes:154 - Checking playlist 4Go6LTKodDqQYkqOGC8ZiH for changes...
2025-03-15 16:11:09.062 | INFO     | __main__:_compare_playlists:117 - No changes detected in playlist
2025-03-15 16:11:09.063 | DEBUG    | __main__:_save_cache:84 - Saved playlist data to cache/playlist_4Go6LTKodDqQYkqOGC8ZiH.json
2025-03-15 16:11:14.082 | INFO     | __main__:check_for_changes:154 - Checking playlist 4Go6LTKodDqQYkqOGC8ZiH for changes...
2025-03-15 16:11:14.695 | INFO     | __main__:_compare_playlists:117 - No changes detected in playlist
2025-03-15 16:11:14.697 | DEBUG    | __main__:_save_cache:84 - Saved playlist data to cache/playlist_4Go6LTKodDqQYkqOGC8ZiH.json
2025-03-15 16:11:19.716 | INFO     | __main__:check_for_changes:154 - Checking playlist 4Go6LTKodDqQYkqOGC8ZiH for changes...
2025-03-15 16:11:20.321 | INFO     | __main__:_compare_playlists:117 - No changes detected in playlist
2025-03-15 16:11:20.323 | DEBUG    | __main__:_save_cache:84 - Saved playlist data to cache/playlist_4Go6LTKodDqQYkqOGC8ZiH.json
2025-03-15 16:11:25.341 | INFO     | __main__:check_for_changes:154 - Checking playlist 4Go6LTKodDqQYkqOGC8ZiH for changes...
2025-03-15 16:11:25.855 | INFO     | __main__:_compare_playlists:117 - No changes detected in playlist
2025-03-15 16:11:25.856 | DEBUG    | __main__:_save_cache:84 - Saved playlist data to cache/playlist_4Go6LTKodDqQYkqOGC8ZiH.json
2025-03-15 16:11:30.876 | INFO     | __main__:check_for_changes:154 - Checking playlist 4Go6LTKodDqQYkqOGC8ZiH for changes...
2025-03-15 16:11:31.325 | INFO     | __main__:_compare_playlists:117 - No changes detected in playlist
2025-03-15 16:11:31.327 | DEBUG    | __main__:_save_cache:84 - Saved playlist data to cache/playlist_4Go6LTKodDqQYkqOGC8ZiH.json
2025-03-15 16:11:36.347 | INFO     | __main__:check_for_changes:154 - Checking playlist 4Go6LTKodDqQYkqOGC8ZiH for changes...
2025-03-15 16:11:36.912 | INFO     | __main__:_compare_playlists:117 - No changes detected in playlist
2025-03-15 16:11:36.914 | DEBUG    | __main__:_save_cache:84 - Saved playlist data to cache/playlist_4Go6LTKodDqQYkqOGC8ZiH.json
2025-03-15 16:11:41.933 | INFO     | __main__:check_for_changes:154 - Checking playlist 4Go6LTKodDqQYkqOGC8ZiH for changes...
2025-03-15 16:11:42.437 | INFO     | __main__:_compare_playlists:117 - No changes detected in playlist
2025-03-15 16:11:42.439 | DEBUG    | __main__:_save_cache:84 - Saved playlist data to cache/playlist_4Go6LTKodDqQYkqOGC8ZiH.json
2025-03-15 16:11:47.455 | INFO     | __main__:check_for_changes:154 - Checking playlist 4Go6LTKodDqQYkqOGC8ZiH for changes...
2025-03-15 16:11:48.069 | INFO     | __main__:_compare_playlists:117 - No changes detected in playlist
2025-03-15 16:11:48.071 | DEBUG    | __main__:_save_cache:84 - Saved playlist data to cache/playlist_4Go6LTKodDqQYkqOGC8ZiH.json
2025-03-15 16:11:53.089 | INFO     | __main__:check_for_changes:154 - Checking playlist 4Go6LTKodDqQYkqOGC8ZiH for changes...
2025-03-15 16:11:53.589 | INFO     | __main__:_compare_playlists:117 - No changes detected in playlist
2025-03-15 16:11:53.591 | DEBUG    | __main__:_save_cache:84 - Saved playlist data to cache/playlist_4Go6LTKodDqQYkqOGC8ZiH.json
2025-03-15 16:11:58.614 | INFO     | __main__:check_for_changes:154 - Checking playlist 4Go6LTKodDqQYkqOGC8ZiH for changes...
2025-03-15 16:11:59.165 | INFO     | __main__:_compare_playlists:117 - No changes detected in playlist
2025-03-15 16:11:59.166 | DEBUG    | __main__:_save_cache:84 - Saved playlist data to cache/playlist_4Go6LTKodDqQYkqOGC8ZiH.json
2025-03-15 16:12:04.191 | INFO     | __main__:check_for_changes:154 - Checking playlist 4Go6LTKodDqQYkqOGC8ZiH for changes...
2025-03-15 16:12:04.766 | INFO     | __main__:_compare_playlists:117 - No changes detected in playlist
2025-03-15 16:12:04.768 | DEBUG    | __main__:_save_cache:84 - Saved playlist data to cache/playlist_4Go6LTKodDqQYkqOGC8ZiH.json
2025-03-15 16:12:09.789 | INFO     | __main__:check_for_changes:154 - Checking playlist 4Go6LTKodDqQYkqOGC8ZiH for changes...
2025-03-15 16:12:10.317 | INFO     | __main__:_compare_playlists:117 - No changes detected in playlist
2025-03-15 16:12:10.318 | DEBUG    | __main__:_save_cache:84 - Saved playlist data to cache/playlist_4Go6LTKodDqQYkqOGC8ZiH.json
2025-03-15 16:12:15.337 | INFO     | __main__:check_for_changes:154 - Checking playlist 4Go6LTKodDqQYkqOGC8ZiH for changes...
2025-03-15 16:12:15.929 | INFO     | __main__:_compare_playlists:117 - No changes detected in playlist
2025-03-15 16:12:15.930 | DEBUG    | __main__:_save_cache:84 - Saved playlist data to cache/playlist_4Go6LTKodDqQYkqOGC8ZiH.json
2025-03-15 16:12:20.956 | INFO     | __main__:check_for_changes:154 - Checking playlist 4Go6LTKodDqQYkqOGC8ZiH for changes...
2025-03-15 16:12:21.560 | INFO     | __main__:_compare_playlists:117 - No changes detected in playlist
2025-03-15 16:12:21.561 | DEBUG    | __main__:_save_cache:84 - Saved playlist data to cache/playlist_4Go6LTKodDqQYkqOGC8ZiH.json
2025-03-15 16:12:26.580 | INFO     | __main__:check_for_changes:154 - Checking playlist 4Go6LTKodDqQYkqOGC8ZiH for changes...
2025-03-15 16:12:27.168 | INFO     | __main__:_compare_playlists:117 - No changes detected in playlist
2025-03-15 16:12:27.169 | DEBUG    | __main__:_save_cache:84 - Saved playlist data to cache/playlist_4Go6LTKodDqQYkqOGC8ZiH.json
2025-03-15 16:12:32.191 | INFO     | __main__:check_for_changes:154 - Checking playlist 4Go6LTKodDqQYkqOGC8ZiH for changes...
2025-03-15 16:12:32.718 | INFO     | __main__:_compare_playlists:117 - No changes detected in playlist
2025-03-15 16:12:32.720 | DEBUG    | __main__:_save_cache:84 - Saved playlist data to cache/playlist_4Go6LTKodDqQYkqOGC8ZiH.json
2025-03-15 16:12:37.739 | INFO     | __main__:check_for_changes:154 - Checking playlist 4Go6LTKodDqQYkqOGC8ZiH for changes...
2025-03-15 16:12:38.343 | INFO     | __main__:_compare_playlists:117 - No changes detected in playlist
2025-03-15 16:12:38.345 | DEBUG    | __main__:_save_cache:84 - Saved playlist data to cache/playlist_4Go6LTKodDqQYkqOGC8ZiH.json
2025-03-15 16:12:43.357 | INFO     | __main__:check_for_changes:154 - Checking playlist 4Go6LTKodDqQYkqOGC8ZiH for changes...
2025-03-15 16:12:43.882 | INFO     | __main__:_compare_playlists:117 - No changes detected in playlist
2025-03-15 16:12:43.884 | DEBUG    | __main__:_save_cache:84 - Saved playlist data to cache/playlist_4Go6LTKodDqQYkqOGC8ZiH.json
2025-03-15 16:12:48.902 | INFO     | __main__:check_for_changes:154 - Checking playlist 4Go6LTKodDqQYkqOGC8ZiH for changes...
2025-03-15 16:12:49.408 | INFO     | __main__:_compare_playlists:117 - No changes detected in playlist
2025-03-15 16:12:49.409 | DEBUG    | __main__:_save_cache:84 - Saved playlist data to cache/playlist_4Go6LTKodDqQYkqOGC8ZiH.json
2025-03-15 16:12:54.430 | INFO     | __main__:check_for_changes:154 - Checking playlist 4Go6LTKodDqQYkqOGC8ZiH for changes...
2025-03-15 16:12:54.927 | INFO     | __main__:_compare_playlists:117 - No changes detected in playlist
2025-03-15 16:12:54.928 | DEBUG    | __main__:_save_cache:84 - Saved playlist data to cache/playlist_4Go6LTKodDqQYkqOGC8ZiH.json
2025-03-15 16:12:59.949 | INFO     | __main__:check_for_changes:154 - Checking playlist 4Go6LTKodDqQYkqOGC8ZiH for changes...
2025-03-15 16:13:00.572 | INFO     | __main__:_compare_playlists:117 - No changes detected in playlist
2025-03-15 16:13:00.574 | DEBUG    | __main__:_save_cache:84 - Saved playlist data to cache/playlist_4Go6LTKodDqQYkqOGC8ZiH.json
2025-03-15 16:13:05.599 | INFO     | __main__:check_for_changes:154 - Checking playlist 4Go6LTKodDqQYkqOGC8ZiH for changes...
2025-03-15 16:13:06.109 | INFO     | __main__:_compare_playlists:117 - No changes detected in playlist
2025-03-15 16:13:06.111 | DEBUG    | __main__:_save_cache:84 - Saved playlist data to cache/playlist_4Go6LTKodDqQYkqOGC8ZiH.json
2025-03-15 16:13:11.131 | INFO     | __main__:check_for_changes:154 - Checking playlist 4Go6LTKodDqQYkqOGC8ZiH for changes...
2025-03-15 16:13:11.711 | INFO     | __main__:_compare_playlists:117 - No changes detected in playlist
2025-03-15 16:13:11.712 | DEBUG    | __main__:_save_cache:84 - Saved playlist data to cache/playlist_4Go6LTKodDqQYkqOGC8ZiH.json
2025-03-15 16:13:16.732 | INFO     | __main__:check_for_changes:154 - Checking playlist 4Go6LTKodDqQYkqOGC8ZiH for changes...
2025-03-15 16:13:17.251 | INFO     | __main__:_compare_playlists:117 - No changes detected in playlist
2025-03-15 16:13:17.254 | DEBUG    | __main__:_save_cache:84 - Saved playlist data to cache/playlist_4Go6LTKodDqQYkqOGC8ZiH.json
2025-03-15 16:13:22.273 | INFO     | __main__:check_for_changes:154 - Checking playlist 4Go6LTKodDqQYkqOGC8ZiH for changes...
2025-03-15 16:13:22.795 | INFO     | __main__:_compare_playlists:117 - No changes detected in playlist
2025-03-15 16:13:22.796 | DEBUG    | __main__:_save_cache:84 - Saved playlist data to cache/playlist_4Go6LTKodDqQYkqOGC8ZiH.json
2025-03-15 16:13:27.819 | INFO     | __main__:check_for_changes:154 - Checking playlist 4Go6LTKodDqQYkqOGC8ZiH for changes...
2025-03-15 16:13:28.434 | INFO     | __main__:_compare_playlists:117 - No changes detected in playlist
2025-03-15 16:13:28.436 | DEBUG    | __main__:_save_cache:84 - Saved playlist data to cache/playlist_4Go6LTKodDqQYkqOGC8ZiH.json
2025-03-15 16:13:33.456 | INFO     | __main__:check_for_changes:154 - Checking playlist 4Go6LTKodDqQYkqOGC8ZiH for changes...
2025-03-15 16:13:33.889 | INFO     | __main__:_compare_playlists:117 - No changes detected in playlist
2025-03-15 16:13:33.890 | DEBUG    | __main__:_save_cache:84 - Saved playlist data to cache/playlist_4Go6LTKodDqQYkqOGC8ZiH.json
2025-03-15 16:13:38.913 | INFO     | __main__:check_for_changes:154 - Checking playlist 4Go6LTKodDqQYkqOGC8ZiH for changes...
2025-03-15 16:13:39.609 | INFO     | __main__:_compare_playlists:117 - No changes detected in playlist
2025-03-15 16:13:39.612 | DEBUG    | __main__:_save_cache:84 - Saved playlist data to cache/playlist_4Go6LTKodDqQYkqOGC8ZiH.json
2025-03-15 16:13:44.633 | INFO     | __main__:check_for_changes:154 - Checking playlist 4Go6LTKodDqQYkqOGC8ZiH for changes...
2025-03-15 16:13:45.189 | INFO     | __main__:_compare_playlists:117 - No changes detected in playlist
2025-03-15 16:13:45.191 | DEBUG    | __main__:_save_cache:84 - Saved playlist data to cache/playlist_4Go6LTKodDqQYkqOGC8ZiH.json
2025-03-15 16:13:50.211 | INFO     | __main__:check_for_changes:154 - Checking playlist 4Go6LTKodDqQYkqOGC8ZiH for changes...
2025-03-15 16:13:50.798 | INFO     | __main__:_compare_playlists:117 - No changes detected in playlist
2025-03-15 16:13:50.799 | DEBUG    | __main__:_save_cache:84 - Saved playlist data to cache/playlist_4Go6LTKodDqQYkqOGC8ZiH.json
2025-03-15 16:13:55.821 | INFO     | __main__:check_for_changes:154 - Checking playlist 4Go6LTKodDqQYkqOGC8ZiH for changes...
2025-03-15 16:13:56.377 | INFO     | __main__:_compare_playlists:117 - No changes detected in playlist
2025-03-15 16:13:56.378 | DEBUG    | __main__:_save_cache:84 - Saved playlist data to cache/playlist_4Go6LTKodDqQYkqOGC8ZiH.json
2025-03-15 16:14:01.393 | INFO     | __main__:check_for_changes:154 - Checking playlist 4Go6LTKodDqQYkqOGC8ZiH for changes...
2025-03-15 16:14:01.895 | INFO     | __main__:_compare_playlists:117 - No changes detected in playlist
2025-03-15 16:14:01.896 | DEBUG    | __main__:_save_cache:84 - Saved playlist data to cache/playlist_4Go6LTKodDqQYkqOGC8ZiH.json
2025-03-15 16:14:06.912 | INFO     | __main__:check_for_changes:154 - Checking playlist 4Go6LTKodDqQYkqOGC8ZiH for changes...
2025-03-15 16:14:07.538 | INFO     | __main__:_compare_playlists:117 - No changes detected in playlist
2025-03-15 16:14:07.540 | DEBUG    | __main__:_save_cache:84 - Saved playlist data to cache/playlist_4Go6LTKodDqQYkqOGC8ZiH.json
2025-03-15 16:14:12.561 | INFO     | __main__:check_for_changes:154 - Checking playlist 4Go6LTKodDqQYkqOGC8ZiH for changes...
2025-03-15 16:14:13.279 | INFO     | __main__:_compare_playlists:117 - No changes detected in playlist
2025-03-15 16:14:13.281 | DEBUG    | __main__:_save_cache:84 - Saved playlist data to cache/playlist_4Go6LTKodDqQYkqOGC8ZiH.json
2025-03-15 16:14:18.307 | INFO     | __main__:check_for_changes:154 - Checking playlist 4Go6LTKodDqQYkqOGC8ZiH for changes...
2025-03-15 16:14:19.011 | INFO     | __main__:_compare_playlists:117 - No changes detected in playlist
2025-03-15 16:14:19.013 | DEBUG    | __main__:_save_cache:84 - Saved playlist data to cache/playlist_4Go6LTKodDqQYkqOGC8ZiH.json
2025-03-15 16:14:24.032 | INFO     | __main__:check_for_changes:154 - Checking playlist 4Go6LTKodDqQYkqOGC8ZiH for changes...
2025-03-15 16:14:24.751 | INFO     | __main__:_compare_playlists:117 - No changes detected in playlist
2025-03-15 16:14:24.753 | DEBUG    | __main__:_save_cache:84 - Saved playlist data to cache/playlist_4Go6LTKodDqQYkqOGC8ZiH.json
2025-03-15 16:14:29.779 | INFO     | __main__:check_for_changes:154 - Checking playlist 4Go6LTKodDqQYkqOGC8ZiH for changes...
2025-03-15 16:14:30.243 | INFO     | __main__:_compare_playlists:117 - No changes detected in playlist
2025-03-15 16:14:30.244 | DEBUG    | __main__:_save_cache:84 - Saved playlist data to cache/playlist_4Go6LTKodDqQYkqOGC8ZiH.json
2025-03-15 16:14:35.270 | INFO     | __main__:check_for_changes:154 - Checking playlist 4Go6LTKodDqQYkqOGC8ZiH for changes...
2025-03-15 16:14:36.012 | INFO     | __main__:_compare_playlists:117 - No changes detected in playlist
2025-03-15 16:14:36.015 | DEBUG    | __main__:_save_cache:84 - Saved playlist data to cache/playlist_4Go6LTKodDqQYkqOGC8ZiH.json
2025-03-15 16:14:41.034 | INFO     | __main__:check_for_changes:154 - Checking playlist 4Go6LTKodDqQYkqOGC8ZiH for changes...
2025-03-15 16:14:41.466 | INFO     | __main__:_compare_playlists:117 - No changes detected in playlist
2025-03-15 16:14:41.467 | DEBUG    | __main__:_save_cache:84 - Saved playlist data to cache/playlist_4Go6LTKodDqQYkqOGC8ZiH.json
2025-03-15 16:14:46.492 | INFO     | __main__:check_for_changes:154 - Checking playlist 4Go6LTKodDqQYkqOGC8ZiH for changes...
2025-03-15 16:14:47.042 | INFO     | __main__:_compare_playlists:117 - No changes detected in playlist
2025-03-15 16:14:47.043 | DEBUG    | __main__:_save_cache:84 - Saved playlist data to cache/playlist_4Go6LTKodDqQYkqOGC8ZiH.json
2025-03-15 16:14:52.067 | INFO     | __main__:check_for_changes:154 - Checking playlist 4Go6LTKodDqQYkqOGC8ZiH for changes...
2025-03-15 16:14:52.475 | INFO     | __main__:_compare_playlists:117 - No changes detected in playlist
2025-03-15 16:14:52.476 | DEBUG    | __main__:_save_cache:84 - Saved playlist data to cache/playlist_4Go6LTKodDqQYkqOGC8ZiH.json
2025-03-15 16:14:57.495 | INFO     | __main__:check_for_changes:154 - Checking playlist 4Go6LTKodDqQYkqOGC8ZiH for changes...
2025-03-15 16:14:58.118 | INFO     | __main__:_compare_playlists:117 - No changes detected in playlist
2025-03-15 16:14:58.119 | DEBUG    | __main__:_save_cache:84 - Saved playlist data to cache/playlist_4Go6LTKodDqQYkqOGC8ZiH.json
2025-03-15 16:15:03.135 | INFO     | __main__:check_for_changes:154 - Checking playlist 4Go6LTKodDqQYkqOGC8ZiH for changes...
2025-03-15 16:15:03.687 | INFO     | __main__:_compare_playlists:117 - No changes detected in playlist
2025-03-15 16:15:03.689 | DEBUG    | __main__:_save_cache:84 - Saved playlist data to cache/playlist_4Go6LTKodDqQYkqOGC8ZiH.json
2025-03-15 16:15:08.715 | INFO     | __main__:check_for_changes:154 - Checking playlist 4Go6LTKodDqQYkqOGC8ZiH for changes...
2025-03-15 16:15:09.284 | INFO     | __main__:_compare_playlists:117 - No changes detected in playlist
2025-03-15 16:15:09.285 | DEBUG    | __main__:_save_cache:84 - Saved playlist data to cache/playlist_4Go6LTKodDqQYkqOGC8ZiH.json
2025-03-15 16:15:14.310 | INFO     | __main__:check_for_changes:154 - Checking playlist 4Go6LTKodDqQYkqOGC8ZiH for changes...
2025-03-15 16:15:14.925 | INFO     | __main__:_compare_playlists:117 - No changes detected in playlist
2025-03-15 16:15:14.926 | DEBUG    | __main__:_save_cache:84 - Saved playlist data to cache/playlist_4Go6LTKodDqQYkqOGC8ZiH.json
2025-03-15 16:15:19.952 | INFO     | __main__:check_for_changes:154 - Checking playlist 4Go6LTKodDqQYkqOGC8ZiH for changes...
2025-03-15 16:15:20.451 | INFO     | __main__:_compare_playlists:117 - No changes detected in playlist
2025-03-15 16:15:20.453 | DEBUG    | __main__:_save_cache:84 - Saved playlist data to cache/playlist_4Go6LTKodDqQYkqOGC8ZiH.json
2025-03-15 16:15:25.475 | INFO     | __main__:check_for_changes:154 - Checking playlist 4Go6LTKodDqQYkqOGC8ZiH for changes...
2025-03-15 16:15:25.983 | INFO     | __main__:_compare_playlists:117 - No changes detected in playlist
2025-03-15 16:15:25.984 | DEBUG    | __main__:_save_cache:84 - Saved playlist data to cache/playlist_4Go6LTKodDqQYkqOGC8ZiH.json
2025-03-15 16:15:31.006 | INFO     | __main__:check_for_changes:154 - Checking playlist 4Go6LTKodDqQYkqOGC8ZiH for changes...
2025-03-15 16:15:31.512 | INFO     | __main__:_compare_playlists:117 - No changes detected in playlist
2025-03-15 16:15:31.513 | DEBUG    | __main__:_save_cache:84 - Saved playlist data to cache/playlist_4Go6LTKodDqQYkqOGC8ZiH.json
2025-03-15 16:15:36.533 | INFO     | __main__:check_for_changes:154 - Checking playlist 4Go6LTKodDqQYkqOGC8ZiH for changes...
2025-03-15 16:15:37.036 | INFO     | __main__:_compare_playlists:117 - No changes detected in playlist
2025-03-15 16:15:37.038 | DEBUG    | __main__:_save_cache:84 - Saved playlist data to cache/playlist_4Go6LTKodDqQYkqOGC8ZiH.json
2025-03-15 16:15:42.059 | INFO     | __main__:check_for_changes:154 - Checking playlist 4Go6LTKodDqQYkqOGC8ZiH for changes...
2025-03-15 16:15:42.572 | INFO     | __main__:_compare_playlists:117 - No changes detected in playlist
2025-03-15 16:15:42.574 | DEBUG    | __main__:_save_cache:84 - Saved playlist data to cache/playlist_4Go6LTKodDqQYkqOGC8ZiH.json
2025-03-15 16:15:47.596 | INFO     | __main__:check_for_changes:154 - Checking playlist 4Go6LTKodDqQYkqOGC8ZiH for changes...
2025-03-15 16:15:48.191 | INFO     | __main__:_compare_playlists:117 - No changes detected in playlist
2025-03-15 16:15:48.192 | DEBUG    | __main__:_save_cache:84 - Saved playlist data to cache/playlist_4Go6LTKodDqQYkqOGC8ZiH.json
2025-03-15 16:15:53.218 | INFO     | __main__:check_for_changes:154 - Checking playlist 4Go6LTKodDqQYkqOGC8ZiH for changes...
2025-03-15 16:15:53.835 | INFO     | __main__:_compare_playlists:117 - No changes detected in playlist
2025-03-15 16:15:53.837 | DEBUG    | __main__:_save_cache:84 - Saved playlist data to cache/playlist_4Go6LTKodDqQYkqOGC8ZiH.json
2025-03-15 16:15:58.856 | INFO     | __main__:check_for_changes:154 - Checking playlist 4Go6LTKodDqQYkqOGC8ZiH for changes...
2025-03-15 16:15:59.362 | INFO     | __main__:_compare_playlists:117 - No changes detected in playlist
2025-03-15 16:15:59.363 | DEBUG    | __main__:_save_cache:84 - Saved playlist data to cache/playlist_4Go6LTKodDqQYkqOGC8ZiH.json
2025-03-15 16:16:04.389 | INFO     | __main__:check_for_changes:154 - Checking playlist 4Go6LTKodDqQYkqOGC8ZiH for changes...
2025-03-15 16:16:04.989 | INFO     | __main__:_compare_playlists:117 - No changes detected in playlist
2025-03-15 16:16:04.990 | DEBUG    | __main__:_save_cache:84 - Saved playlist data to cache/playlist_4Go6LTKodDqQYkqOGC8ZiH.json
2025-03-15 16:16:10.012 | INFO     | __main__:check_for_changes:154 - Checking playlist 4Go6LTKodDqQYkqOGC8ZiH for changes...
2025-03-15 16:16:10.585 | INFO     | __main__:_compare_playlists:117 - No changes detected in playlist
2025-03-15 16:16:10.586 | DEBUG    | __main__:_save_cache:84 - Saved playlist data to cache/playlist_4Go6LTKodDqQYkqOGC8ZiH.json
2025-03-15 16:16:15.604 | INFO     | __main__:check_for_changes:154 - Checking playlist 4Go6LTKodDqQYkqOGC8ZiH for changes...
2025-03-15 16:16:16.254 | INFO     | __main__:_compare_playlists:117 - No changes detected in playlist
2025-03-15 16:16:16.256 | DEBUG    | __main__:_save_cache:84 - Saved playlist data to cache/playlist_4Go6LTKodDqQYkqOGC8ZiH.json
2025-03-15 16:16:21.277 | INFO     | __main__:check_for_changes:154 - Checking playlist 4Go6LTKodDqQYkqOGC8ZiH for changes...
2025-03-15 16:16:21.884 | INFO     | __main__:_compare_playlists:117 - No changes detected in playlist
2025-03-15 16:16:21.886 | DEBUG    | __main__:_save_cache:84 - Saved playlist data to cache/playlist_4Go6LTKodDqQYkqOGC8ZiH.json
2025-03-15 16:16:26.909 | INFO     | __main__:check_for_changes:154 - Checking playlist 4Go6LTKodDqQYkqOGC8ZiH for changes...
2025-03-15 16:16:27.330 | INFO     | __main__:_compare_playlists:117 - No changes detected in playlist
2025-03-15 16:16:27.332 | DEBUG    | __main__:_save_cache:84 - Saved playlist data to cache/playlist_4Go6LTKodDqQYkqOGC8ZiH.json
2025-03-15 16:16:32.354 | INFO     | __main__:check_for_changes:154 - Checking playlist 4Go6LTKodDqQYkqOGC8ZiH for changes...
2025-03-15 16:16:32.834 | INFO     | __main__:_compare_playlists:117 - No changes detected in playlist
2025-03-15 16:16:32.835 | DEBUG    | __main__:_save_cache:84 - Saved playlist data to cache/playlist_4Go6LTKodDqQYkqOGC8ZiH.json
2025-03-15 16:16:37.854 | INFO     | __main__:check_for_changes:154 - Checking playlist 4Go6LTKodDqQYkqOGC8ZiH for changes...
2025-03-15 16:16:38.376 | INFO     | __main__:_compare_playlists:117 - No changes detected in playlist
2025-03-15 16:16:38.377 | DEBUG    | __main__:_save_cache:84 - Saved playlist data to cache/playlist_4Go6LTKodDqQYkqOGC8ZiH.json
2025-03-15 16:16:43.401 | INFO     | __main__:check_for_changes:154 - Checking playlist 4Go6LTKodDqQYkqOGC8ZiH for changes...
2025-03-15 16:16:44.010 | INFO     | __main__:_compare_playlists:117 - No changes detected in playlist
2025-03-15 16:16:44.012 | DEBUG    | __main__:_save_cache:84 - Saved playlist data to cache/playlist_4Go6LTKodDqQYkqOGC8ZiH.json
2025-03-15 16:16:49.028 | INFO     | __main__:check_for_changes:154 - Checking playlist 4Go6LTKodDqQYkqOGC8ZiH for changes...
2025-03-15 16:16:49.528 | INFO     | __main__:_compare_playlists:117 - No changes detected in playlist
2025-03-15 16:16:49.529 | DEBUG    | __main__:_save_cache:84 - Saved playlist data to cache/playlist_4Go6LTKodDqQYkqOGC8ZiH.json
2025-03-15 16:16:54.553 | INFO     | __main__:check_for_changes:154 - Checking playlist 4Go6LTKodDqQYkqOGC8ZiH for changes...
2025-03-15 16:16:54.998 | INFO     | __main__:_compare_playlists:117 - No changes detected in playlist
2025-03-15 16:16:54.999 | DEBUG    | __main__:_save_cache:84 - Saved playlist data to cache/playlist_4Go6LTKodDqQYkqOGC8ZiH.json
2025-03-15 16:17:00.021 | INFO     | __main__:check_for_changes:154 - Checking playlist 4Go6LTKodDqQYkqOGC8ZiH for changes...
2025-03-15 16:17:00.550 | INFO     | __main__:_compare_playlists:117 - No changes detected in playlist
2025-03-15 16:17:00.551 | DEBUG    | __main__:_save_cache:84 - Saved playlist data to cache/playlist_4Go6LTKodDqQYkqOGC8ZiH.json
2025-03-15 16:17:05.573 | INFO     | __main__:check_for_changes:154 - Checking playlist 4Go6LTKodDqQYkqOGC8ZiH for changes...
2025-03-15 16:17:06.123 | INFO     | __main__:_compare_playlists:117 - No changes detected in playlist
2025-03-15 16:17:06.125 | DEBUG    | __main__:_save_cache:84 - Saved playlist data to cache/playlist_4Go6LTKodDqQYkqOGC8ZiH.json
2025-03-15 16:17:11.139 | INFO     | __main__:check_for_changes:154 - Checking playlist 4Go6LTKodDqQYkqOGC8ZiH for changes...
2025-03-15 16:17:11.760 | INFO     | __main__:_compare_playlists:117 - No changes detected in playlist
2025-03-15 16:17:11.763 | DEBUG    | __main__:_save_cache:84 - Saved playlist data to cache/playlist_4Go6LTKodDqQYkqOGC8ZiH.json
2025-03-15 16:17:16.786 | INFO     | __main__:check_for_changes:154 - Checking playlist 4Go6LTKodDqQYkqOGC8ZiH for changes...
2025-03-15 16:17:17.217 | INFO     | __main__:_compare_playlists:117 - No changes detected in playlist
2025-03-15 16:17:17.218 | DEBUG    | __main__:_save_cache:84 - Saved playlist data to cache/playlist_4Go6LTKodDqQYkqOGC8ZiH.json
2025-03-15 16:17:22.238 | INFO     | __main__:check_for_changes:154 - Checking playlist 4Go6LTKodDqQYkqOGC8ZiH for changes...
2025-03-15 16:17:22.720 | INFO     | __main__:_compare_playlists:117 - No changes detected in playlist
2025-03-15 16:17:22.721 | DEBUG    | __main__:_save_cache:84 - Saved playlist data to cache/playlist_4Go6LTKodDqQYkqOGC8ZiH.json
2025-03-15 16:17:27.743 | INFO     | __main__:check_for_changes:154 - Checking playlist 4Go6LTKodDqQYkqOGC8ZiH for changes...
2025-03-15 16:17:28.513 | INFO     | __main__:_compare_playlists:117 - No changes detected in playlist
2025-03-15 16:17:28.514 | DEBUG    | __main__:_save_cache:84 - Saved playlist data to cache/playlist_4Go6LTKodDqQYkqOGC8ZiH.json
2025-03-15 16:17:33.538 | INFO     | __main__:check_for_changes:154 - Checking playlist 4Go6LTKodDqQYkqOGC8ZiH for changes...
2025-03-15 16:17:34.026 | INFO     | __main__:_compare_playlists:117 - No changes detected in playlist
2025-03-15 16:17:34.027 | DEBUG    | __main__:_save_cache:84 - Saved playlist data to cache/playlist_4Go6LTKodDqQYkqOGC8ZiH.json
2025-03-15 16:17:39.043 | INFO     | __main__:check_for_changes:154 - Checking playlist 4Go6LTKodDqQYkqOGC8ZiH for changes...
2025-03-15 16:17:39.510 | INFO     | __main__:_compare_playlists:117 - No changes detected in playlist
2025-03-15 16:17:39.512 | DEBUG    | __main__:_save_cache:84 - Saved playlist data to cache/playlist_4Go6LTKodDqQYkqOGC8ZiH.json
2025-03-15 16:17:44.536 | INFO     | __main__:check_for_changes:154 - Checking playlist 4Go6LTKodDqQYkqOGC8ZiH for changes...
2025-03-15 16:17:45.037 | INFO     | __main__:_compare_playlists:117 - No changes detected in playlist
2025-03-15 16:17:45.039 | DEBUG    | __main__:_save_cache:84 - Saved playlist data to cache/playlist_4Go6LTKodDqQYkqOGC8ZiH.json
2025-03-15 16:17:50.052 | INFO     | __main__:check_for_changes:154 - Checking playlist 4Go6LTKodDqQYkqOGC8ZiH for changes...
2025-03-15 16:17:50.538 | INFO     | __main__:_compare_playlists:117 - No changes detected in playlist
2025-03-15 16:17:50.540 | DEBUG    | __main__:_save_cache:84 - Saved playlist data to cache/playlist_4Go6LTKodDqQYkqOGC8ZiH.json
2025-03-15 16:17:55.556 | INFO     | __main__:check_for_changes:154 - Checking playlist 4Go6LTKodDqQYkqOGC8ZiH for changes...
